# JRE version: Java(TM) SE Runtime Environment (21.0.8+12) (build 21.0.8+12-LTS-250)
# Java VM: Java HotSpot(TM) 64-Bit Server VM (21.0.8+12-LTS-250, mixed mode, sharing, tiered, compressed oops, compressed class ptrs, g1 gc, windows-amd64)
GC Precious Log:
 CardTable entry size: 512
 Card Set container configuration: InlinePtr #cards 5 size 8 Array Of Cards #cards 12 size 40 Howl #buckets 4 coarsen threshold 1843 Howl Bitmap #cards 512 size 80 coarsen threshold 460 Card regions per heap region 1 cards per card region 2048
 CPUs: 12 total, 12 available
 Memory: 16235M
 Large Page Support: Disabled
 NUMA Support: Disabled
 Compressed Oops: Enabled (32-bit)
 Heap Region Size: 1M
 Heap Min Capacity: 8M
 Heap Initial Capacity: 254M
 Heap Max Capacity: 2G
 Pre-touch: Disabled
 Parallel Workers: 10
 Concurrent Workers: 3
 Concurrent Refinement Workers: 10
 Periodic GC: Disabled
Heap:
 garbage-first heap   total 358400K, used 279589K [0x0000000080000000, 0x0000000100000000)
  region size 1024K, 93 young (95232K), 2 survivors (2048K)
 Metaspace       used 163946K, committed 166144K, reserved 1245184K
  class space    used 23167K, committed 24064K, reserved 1048576K
GC Heap History (20 events):
Event: 19.665 GC heap before
{Heap before GC invocations=30 (full 0):
 garbage-first heap   total 312320K, used 178438K [0x0000000080000000, 0x0000000100000000)
  region size 1024K, 16 young (16384K), 8 survivors (8192K)
 Metaspace       used 159394K, committed 161344K, reserved 1245184K
  class space    used 22388K, committed 23232K, reserved 1048576K
}
Event: 19.670 GC heap after
{Heap after GC invocations=31 (full 0):
 garbage-first heap   total 312320K, used 144957K [0x0000000080000000, 0x0000000100000000)
  region size 1024K, 6 young (6144K), 6 survivors (6144K)
 Metaspace       used 159394K, committed 161344K, reserved 1245184K
  class space    used 22388K, committed 23232K, reserved 1048576K
}
Event: 20.549 GC heap before
{Heap before GC invocations=32 (full 0):
 garbage-first heap   total 312320K, used 309821K [0x0000000080000000, 0x0000000100000000)
  region size 1024K, 127 young (130048K), 6 survivors (6144K)
 Metaspace       used 160019K, committed 161984K, reserved 1245184K
  class space    used 22356K, committed 23360K, reserved 1048576K
}
Event: 20.554 GC heap after
{Heap after GC invocations=33 (full 0):
 garbage-first heap   total 320512K, used 146951K [0x0000000080000000, 0x0000000100000000)
  region size 1024K, 8 young (8192K), 8 survivors (8192K)
 Metaspace       used 160019K, committed 161984K, reserved 1245184K
  class space    used 22356K, committed 23360K, reserved 1048576K
}
Event: 21.040 GC heap before
{Heap before GC invocations=33 (full 0):
 garbage-first heap   total 320512K, used 296455K [0x0000000080000000, 0x0000000100000000)
  region size 1024K, 145 young (148480K), 8 survivors (8192K)
 Metaspace       used 160363K, committed 162176K, reserved 1245184K
  class space    used 22402K, committed 23360K, reserved 1048576K
}
Event: 21.049 GC heap after
{Heap after GC invocations=34 (full 0):
 garbage-first heap   total 320512K, used 155287K [0x0000000080000000, 0x0000000100000000)
  region size 1024K, 19 young (19456K), 19 survivors (19456K)
 Metaspace       used 160363K, committed 162176K, reserved 1245184K
  class space    used 22402K, committed 23360K, reserved 1048576K
}
Event: 21.184 GC heap before
{Heap before GC invocations=34 (full 0):
 garbage-first heap   total 320512K, used 210583K [0x0000000080000000, 0x0000000100000000)
  region size 1024K, 74 young (75776K), 19 survivors (19456K)
 Metaspace       used 160422K, committed 162240K, reserved 1245184K
  class space    used 22410K, committed 23360K, reserved 1048576K
}
Event: 21.189 GC heap after
{Heap after GC invocations=35 (full 0):
 garbage-first heap   total 320512K, used 149768K [0x0000000080000000, 0x0000000100000000)
  region size 1024K, 3 young (3072K), 3 survivors (3072K)
 Metaspace       used 160422K, committed 162240K, reserved 1245184K
  class space    used 22410K, committed 23360K, reserved 1048576K
}
Event: 21.769 GC heap before
{Heap before GC invocations=36 (full 0):
 garbage-first heap   total 320512K, used 305416K [0x0000000080000000, 0x0000000100000000)
  region size 1024K, 145 young (148480K), 3 survivors (3072K)
 Metaspace       used 161393K, committed 163136K, reserved 1245184K
  class space    used 22576K, committed 23360K, reserved 1048576K
}
Event: 21.774 GC heap after
{Heap after GC invocations=37 (full 0):
 garbage-first heap   total 320512K, used 154888K [0x0000000080000000, 0x0000000100000000)
  region size 1024K, 9 young (9216K), 9 survivors (9216K)
 Metaspace       used 161393K, committed 163136K, reserved 1245184K
  class space    used 22576K, committed 23360K, reserved 1048576K
}
Event: 22.299 GC heap before
{Heap before GC invocations=37 (full 0):
 garbage-first heap   total 320512K, used 318728K [0x0000000080000000, 0x0000000100000000)
  region size 1024K, 129 young (132096K), 9 survivors (9216K)
 Metaspace       used 162410K, committed 164288K, reserved 1245184K
  class space    used 22769K, committed 23616K, reserved 1048576K
}
Event: 22.308 GC heap after
{Heap after GC invocations=38 (full 0):
 garbage-first heap   total 339968K, used 162170K [0x0000000080000000, 0x0000000100000000)
  region size 1024K, 18 young (18432K), 18 survivors (18432K)
 Metaspace       used 162410K, committed 164288K, reserved 1245184K
  class space    used 22769K, committed 23616K, reserved 1048576K
}
Event: 22.352 GC heap before
{Heap before GC invocations=38 (full 0):
 garbage-first heap   total 339968K, used 301434K [0x0000000080000000, 0x0000000100000000)
  region size 1024K, 155 young (158720K), 18 survivors (18432K)
 Metaspace       used 162441K, committed 164288K, reserved 1245184K
  class space    used 22769K, committed 23616K, reserved 1048576K
}
Event: 22.358 GC heap after
{Heap after GC invocations=39 (full 0):
 garbage-first heap   total 339968K, used 166379K [0x0000000080000000, 0x0000000100000000)
  region size 1024K, 5 young (5120K), 5 survivors (5120K)
 Metaspace       used 162441K, committed 164288K, reserved 1245184K
  class space    used 22769K, committed 23616K, reserved 1048576K
}
Event: 22.845 GC heap before
{Heap before GC invocations=40 (full 0):
 garbage-first heap   total 339968K, used 327147K [0x0000000080000000, 0x0000000100000000)
  region size 1024K, 145 young (148480K), 5 survivors (5120K)
 Metaspace       used 163860K, committed 165568K, reserved 1245184K
  class space    used 23159K, committed 23936K, reserved 1048576K
}
Event: 22.849 GC heap after
{Heap after GC invocations=41 (full 0):
 garbage-first heap   total 339968K, used 158721K [0x0000000080000000, 0x0000000100000000)
  region size 1024K, 4 young (4096K), 4 survivors (4096K)
 Metaspace       used 163860K, committed 165568K, reserved 1245184K
  class space    used 23159K, committed 23936K, reserved 1048576K
}
Event: 23.008 GC heap before
{Heap before GC invocations=41 (full 0):
 garbage-first heap   total 339968K, used 337921K [0x0000000080000000, 0x0000000100000000)
  region size 1024K, 144 young (147456K), 4 survivors (4096K)
 Metaspace       used 164320K, committed 166144K, reserved 1245184K
  class space    used 23281K, committed 24064K, reserved 1048576K
}
Event: 23.017 GC heap after
{Heap after GC invocations=42 (full 0):
 garbage-first heap   total 358400K, used 168942K [0x0000000080000000, 0x0000000100000000)
  region size 1024K, 17 young (17408K), 17 survivors (17408K)
 Metaspace       used 164320K, committed 166144K, reserved 1245184K
  class space    used 23281K, committed 24064K, reserved 1048576K
}
Event: 23.020 GC heap before
{Heap before GC invocations=42 (full 0):
 garbage-first heap   total 358400K, used 174062K [0x0000000080000000, 0x0000000100000000)
  region size 1024K, 24 young (24576K), 17 survivors (17408K)
 Metaspace       used 164323K, committed 166144K, reserved 1245184K
  class space    used 23281K, committed 24064K, reserved 1048576K
}
Event: 23.026 GC heap after
{Heap after GC invocations=43 (full 0):
 garbage-first heap   total 358400K, used 170021K [0x0000000080000000, 0x0000000100000000)
  region size 1024K, 2 young (2048K), 2 survivors (2048K)
 Metaspace       used 164323K, committed 166144K, reserved 1245184K
  class space    used 23281K, committed 24064K, reserved 1048576K
}

