# JRE version: Java(TM) SE Runtime Environment (21.0.8+12) (build 21.0.8+12-LTS-250)
# Java VM: Java HotSpot(TM) 64-Bit Server VM (21.0.8+12-LTS-250, mixed mode, sharing, tiered, compressed oops, compressed class ptrs, g1 gc, windows-amd64)
GC Precious Log:
 CardTable entry size: 512
 Card Set container configuration: InlinePtr #cards 5 size 8 Array Of Cards #cards 12 size 40 Howl #buckets 4 coarsen threshold 1843 Howl Bitmap #cards 512 size 80 coarsen threshold 460 Card regions per heap region 1 cards per card region 2048
 CPUs: 12 total, 12 available
 Memory: 16235M
 Large Page Support: Disabled
 NUMA Support: Disabled
 Compressed Oops: Enabled (32-bit)
 Heap Region Size: 1M
 Heap Min Capacity: 8M
 Heap Initial Capacity: 254M
 Heap Max Capacity: 2G
 Pre-touch: Disabled
 Parallel Workers: 10
 Concurrent Workers: 3
 Concurrent Refinement Workers: 10
 Periodic GC: Disabled
Heap:
 garbage-first heap   total 310272K, used 153600K [0x0000000080000000, 0x0000000100000000)
  region size 1024K, 10 young (10240K), 3 survivors (3072K)
 Metaspace       used 157945K, committed 159680K, reserved 1245184K
  class space    used 21353K, committed 22144K, reserved 1048576K
GC Heap History (20 events):
Event: 26.948 GC heap before
{Heap before GC invocations=26 (full 0):
 garbage-first heap   total 205824K, used 205079K [0x0000000080000000, 0x0000000100000000)
  region size 1024K, 89 young (91136K), 9 survivors (9216K)
 Metaspace       used 142343K, committed 144512K, reserved 1179648K
  class space    used 19256K, committed 20224K, reserved 1048576K
}
Event: 26.955 GC heap after
{Heap after GC invocations=27 (full 0):
 garbage-first heap   total 224256K, used 130559K [0x0000000080000000, 0x0000000100000000)
  region size 1024K, 9 young (9216K), 9 survivors (9216K)
 Metaspace       used 142343K, committed 144512K, reserved 1179648K
  class space    used 19256K, committed 20224K, reserved 1048576K
}
Event: 27.309 GC heap before
{Heap before GC invocations=27 (full 0):
 garbage-first heap   total 224256K, used 173567K [0x0000000080000000, 0x0000000100000000)
  region size 1024K, 53 young (54272K), 9 survivors (9216K)
 Metaspace       used 145030K, committed 147200K, reserved 1179648K
  class space    used 19841K, committed 20800K, reserved 1048576K
}
Event: 27.314 GC heap after
{Heap after GC invocations=28 (full 0):
 garbage-first heap   total 224256K, used 130525K [0x0000000080000000, 0x0000000100000000)
  region size 1024K, 2 young (2048K), 2 survivors (2048K)
 Metaspace       used 145030K, committed 147200K, reserved 1179648K
  class space    used 19841K, committed 20800K, reserved 1048576K
}
Event: 28.276 GC heap before
{Heap before GC invocations=29 (full 0):
 garbage-first heap   total 224256K, used 216541K [0x0000000080000000, 0x0000000100000000)
  region size 1024K, 78 young (79872K), 2 survivors (2048K)
 Metaspace       used 155035K, committed 156736K, reserved 1245184K
  class space    used 20907K, committed 21696K, reserved 1048576K
}
Event: 28.280 GC heap after
{Heap after GC invocations=30 (full 0):
 garbage-first heap   total 224256K, used 113989K [0x0000000080000000, 0x0000000100000000)
  region size 1024K, 6 young (6144K), 6 survivors (6144K)
 Metaspace       used 155035K, committed 156736K, reserved 1245184K
  class space    used 20907K, committed 21696K, reserved 1048576K
}
Event: 28.641 GC heap before
{Heap before GC invocations=30 (full 0):
 garbage-first heap   total 224256K, used 205125K [0x0000000080000000, 0x0000000100000000)
  region size 1024K, 95 young (97280K), 6 survivors (6144K)
 Metaspace       used 155728K, committed 157440K, reserved 1245184K
  class space    used 20986K, committed 21760K, reserved 1048576K
}
Event: 28.645 GC heap after
{Heap after GC invocations=31 (full 0):
 garbage-first heap   total 269312K, used 115150K [0x0000000080000000, 0x0000000100000000)
  region size 1024K, 8 young (8192K), 8 survivors (8192K)
 Metaspace       used 155728K, committed 157440K, reserved 1245184K
  class space    used 20986K, committed 21760K, reserved 1048576K
}
Event: 28.665 GC heap before
{Heap before GC invocations=31 (full 0):
 garbage-first heap   total 269312K, used 133582K [0x0000000080000000, 0x0000000100000000)
  region size 1024K, 28 young (28672K), 8 survivors (8192K)
 Metaspace       used 155730K, committed 157440K, reserved 1245184K
  class space    used 20986K, committed 21760K, reserved 1048576K
}
Event: 28.669 GC heap after
{Heap after GC invocations=32 (full 0):
 garbage-first heap   total 269312K, used 116537K [0x0000000080000000, 0x0000000100000000)
  region size 1024K, 9 young (9216K), 9 survivors (9216K)
 Metaspace       used 155730K, committed 157440K, reserved 1245184K
  class space    used 20986K, committed 21760K, reserved 1048576K
}
Event: 29.091 GC heap before
{Heap before GC invocations=33 (full 0):
 garbage-first heap   total 269312K, used 239417K [0x0000000080000000, 0x0000000100000000)
  region size 1024K, 135 young (138240K), 9 survivors (9216K)
 Metaspace       used 155504K, committed 157440K, reserved 1245184K
  class space    used 20902K, committed 21760K, reserved 1048576K
}
Event: 29.097 GC heap after
{Heap after GC invocations=34 (full 0):
 garbage-first heap   total 269312K, used 96184K [0x0000000080000000, 0x0000000100000000)
  region size 1024K, 9 young (9216K), 9 survivors (9216K)
 Metaspace       used 155504K, committed 157440K, reserved 1245184K
  class space    used 20902K, committed 21760K, reserved 1048576K
}
Event: 29.706 GC heap before
{Heap before GC invocations=34 (full 0):
 garbage-first heap   total 269312K, used 251832K [0x0000000080000000, 0x0000000100000000)
  region size 1024K, 155 young (158720K), 9 survivors (9216K)
 Metaspace       used 156571K, committed 158208K, reserved 1245184K
  class space    used 21072K, committed 21824K, reserved 1048576K
}
Event: 29.712 GC heap after
{Heap after GC invocations=35 (full 0):
 garbage-first heap   total 270336K, used 100586K [0x0000000080000000, 0x0000000100000000)
  region size 1024K, 16 young (16384K), 16 survivors (16384K)
 Metaspace       used 156571K, committed 158208K, reserved 1245184K
  class space    used 21072K, committed 21824K, reserved 1048576K
}
Event: 29.789 GC heap before
{Heap before GC invocations=35 (full 0):
 garbage-first heap   total 270336K, used 120042K [0x0000000080000000, 0x0000000100000000)
  region size 1024K, 37 young (37888K), 16 survivors (16384K)
 Metaspace       used 156656K, committed 158272K, reserved 1245184K
  class space    used 21072K, committed 21824K, reserved 1048576K
}
Event: 29.796 GC heap after
{Heap after GC invocations=36 (full 0):
 garbage-first heap   total 270336K, used 97872K [0x0000000080000000, 0x0000000100000000)
  region size 1024K, 8 young (8192K), 8 survivors (8192K)
 Metaspace       used 156656K, committed 158272K, reserved 1245184K
  class space    used 21072K, committed 21824K, reserved 1048576K
}
Event: 30.215 GC heap before
{Heap before GC invocations=37 (full 0):
 garbage-first heap   total 270336K, used 268880K [0x0000000080000000, 0x0000000100000000)
  region size 1024K, 136 young (139264K), 8 survivors (8192K)
 Metaspace       used 157472K, committed 159296K, reserved 1245184K
  class space    used 21242K, committed 22080K, reserved 1048576K
}
Event: 30.224 GC heap after
{Heap after GC invocations=38 (full 0):
 garbage-first heap   total 290816K, used 110306K [0x0000000080000000, 0x0000000100000000)
  region size 1024K, 20 young (20480K), 20 survivors (20480K)
 Metaspace       used 157472K, committed 159296K, reserved 1245184K
  class space    used 21242K, committed 22080K, reserved 1048576K
}
Event: 30.372 GC heap before
{Heap before GC invocations=38 (full 0):
 garbage-first heap   total 290816K, used 289506K [0x0000000080000000, 0x0000000100000000)
  region size 1024K, 156 young (159744K), 20 survivors (20480K)
 Metaspace       used 157940K, committed 159680K, reserved 1245184K
  class space    used 21353K, committed 22144K, reserved 1048576K
}
Event: 30.380 GC heap after
{Heap after GC invocations=39 (full 0):
 garbage-first heap   total 310272K, used 147456K [0x0000000080000000, 0x0000000100000000)
  region size 1024K, 3 young (3072K), 3 survivors (3072K)
 Metaspace       used 157940K, committed 159680K, reserved 1245184K
  class space    used 21353K, committed 22144K, reserved 1048576K
}

